[2025-09-12 17:00:31] | [Onekey:INFO] | [logger.info:58] - 
    _____   __   _   _____   _   _    _____  __    __ 
   /  _  \ |  \ | | | ____| | | / /  | ____| \ \  / /
   | | | | |   \| | | |__   | |/ /   | |__    \ \/ / 
   | | | | | |\   | |  __|  | |\ \   |  __|    \  /  
   | |_| | | | \  | | |___  | | \ \  | |___    / /   
   \_____/ |_|  \_| |_____| |_|  \_\ |_____|  /_/    

[2025-09-12 17:00:31] | [Onekey:INFO] | [logger.info:58] - 本程序源代码基于GPL 2.0许可证开放于Github
[2025-09-12 17:00:31] | [Onekey:INFO] | [logger.info:58] - 作者: ikun0014 | 版本: 1.5.1 | 官网: ikunshare.top
[2025-09-12 17:00:31] | [Onekey:INFO] | [logger.info:58] - 项目仓库: GitHub: https://github.com/ikunshare/Onekey
[2025-09-12 17:00:31] | [Onekey:WARNING] | [logger.warning:61] - ikunshare.top | 严禁倒卖
[2025-09-12 17:00:31] | [Onekey:WARNING] | [logger.warning:61] - 提示: 请确保已安装Windows 10/11并正确配置Steam;SteamTools/GreenLuma
[2025-09-12 17:00:31] | [Onekey:WARNING] | [logger.warning:61] - 开梯子必须配置Token, 你的IP我不相信能干净到哪
[2025-09-12 17:00:53] | [Onekey:INFO] | [logger.info:58] - 您在非中国大陆地区(埃及埃及)上使用了项目, 已自动切换回Github官方下载CDN
[2025-09-12 17:00:53] | [Onekey:INFO] | [logger.info:58] - 剩余Github API请求次数: 60
[2025-09-12 17:00:53] | [Onekey:INFO] | [logger.info:58] - 正在处理游戏 367520...
[2025-09-12 17:00:54] | [Onekey:INFO] | [logger.info:58] - 当前选择清单仓库: https://github.com/SteamAutoCracks/ManifestHub
[2025-09-12 17:00:54] | [Onekey:INFO] | [logger.info:58] - 此清单分支上次更新时间：2025-07-26 03:55:34+00:00
[2025-09-12 17:25:07] | [Onekey:INFO] | [logger.info:58] - 
    _____   __   _   _____   _   _    _____  __    __ 
   /  _  \ |  \ | | | ____| | | / /  | ____| \ \  / /
   | | | | |   \| | | |__   | |/ /   | |__    \ \/ / 
   | | | | | |\   | |  __|  | |\ \   |  __|    \  /  
   | |_| | | | \  | | |___  | | \ \  | |___    / /   
   \_____/ |_|  \_| |_____| |_|  \_\ |_____|  /_/    

[2025-09-12 17:25:07] | [Onekey:INFO] | [logger.info:58] - 本程序源代码基于GPL 2.0许可证开放于Github
[2025-09-12 17:25:07] | [Onekey:INFO] | [logger.info:58] - 作者: ikun0014 | 版本: 1.5.1 | 官网: ikunshare.top
[2025-09-12 17:25:07] | [Onekey:INFO] | [logger.info:58] - 项目仓库: GitHub: https://github.com/ikunshare/Onekey
[2025-09-12 17:25:07] | [Onekey:WARNING] | [logger.warning:61] - ikunshare.top | 严禁倒卖
[2025-09-12 17:25:07] | [Onekey:WARNING] | [logger.warning:61] - 提示: 请确保已安装Windows 10/11并正确配置Steam;SteamTools/GreenLuma
[2025-09-12 17:25:07] | [Onekey:WARNING] | [logger.warning:61] - 开梯子必须配置Token, 你的IP我不相信能干净到哪
[2025-09-12 17:26:56] | [Onekey:INFO] | [logger.info:58] - 
    _____   __   _   _____   _   _    _____  __    __ 
   /  _  \ |  \ | | | ____| | | / /  | ____| \ \  / /
   | | | | |   \| | | |__   | |/ /   | |__    \ \/ / 
   | | | | | |\   | |  __|  | |\ \   |  __|    \  /  
   | |_| | | | \  | | |___  | | \ \  | |___    / /   
   \_____/ |_|  \_| |_____| |_|  \_\ |_____|  /_/    

[2025-09-12 17:26:56] | [Onekey:INFO] | [logger.info:58] - This program's source code is open under the GPL 2.0 license on GitHub
[2025-09-12 17:26:56] | [Onekey:INFO] | [logger.info:58] - Author: ikun0014 | Version: 1.5.1 | Website: ikunshare.top
[2025-09-12 17:26:56] | [Onekey:INFO] | [logger.info:58] - Project repository: GitHub: https://github.com/ikunshare/Onekey
[2025-09-12 17:26:56] | [Onekey:WARNING] | [logger.warning:61] - ikunshare.top | Reselling is strictly prohibited
[2025-09-12 17:26:56] | [Onekey:WARNING] | [logger.warning:61] - Note: Make sure Windows 10/11 is installed and Steam/SteamTools/GreenLuma are configured correctly
[2025-09-12 17:26:56] | [Onekey:WARNING] | [logger.warning:61] - If using a proxy, a GitHub token must be configured; your IP may not be clean otherwise
[2025-09-12 17:27:59] | [Onekey:INFO] | [logger.info:58] - You are using the project outside mainland China (埃及埃及), automatically switched back to GitHub official CDN
[2025-09-12 17:27:59] | [Onekey:INFO] | [logger.info:58] - Remaining GitHub API requests: 55
[2025-09-12 17:27:59] | [Onekey:INFO] | [logger.info:58] - Processing game 367520...
[2025-09-12 17:28:00] | [Onekey:INFO] | [logger.info:58] - Selected manifest repository: https://github.com/SteamAutoCracks/ManifestHub
[2025-09-12 17:28:00] | [Onekey:INFO] | [logger.info:58] - Last update of this branch: 2025-07-26 03:55:34+00:00
[2025-09-12 19:24:52] | [Onekey:INFO] | [logger.info:58] - 
    _____   __   _   _____   _   _    _____  __    __ 
   /  _  \ |  \ | | | ____| | | / /  | ____| \ \  / /
   | | | | |   \| | | |__   | |/ /   | |__    \ \/ / 
   | | | | | |\   | |  __|  | |\ \   |  __|    \  /  
   | |_| | | | \  | | |___  | | \ \  | |___    / /   
   \_____/ |_|  \_| |_____| |_|  \_\ |_____|  /_/    

[2025-09-12 19:24:52] | [Onekey:INFO] | [logger.info:58] - This program source code is open under GPL 2.0 license on GitHub
[2025-09-12 19:24:52] | [Onekey:INFO] | [logger.info:58] - Author: ikun0014 | Version: 1.5.1 | Website: ikunshare.top
[2025-09-12 19:24:52] | [Onekey:INFO] | [logger.info:58] - Project repository: GitHub: https://github.com/ikunshare/Onekey
[2025-09-12 19:24:52] | [Onekey:WARNING] | [logger.warning:61] - ikunshare.top | Reselling strictly prohibited
[2025-09-12 19:24:52] | [Onekey:WARNING] | [logger.warning:61] - Note: Make sure Windows 10/11 is installed and Steam; SteamTools/GreenLuma are properly configured
[2025-09-12 19:24:52] | [Onekey:WARNING] | [logger.warning:61] - If using a proxy, you must configure a Token.
[2025-09-12 19:25:11] | [Onekey:INFO] | [logger.info:58] - Remaining GitHub API requests: 42
[2025-09-12 19:25:11] | [Onekey:INFO] | [logger.info:58] - Processing game 367520...
[2025-09-12 19:25:11] | [Onekey:INFO] | [logger.info:58] - Currently selected manifest repository: https://github.com/SteamAutoCracks/ManifestHub
[2025-09-12 19:25:11] | [Onekey:INFO] | [logger.info:58] - Last update time of this manifest branch: 2025-07-26 03:55:34+00:00
[2025-09-12 19:25:14] | [Onekey:INFO] | [logger.info:58] - Manifest downloaded successfully: 367521_3820178394837330515.manifest
[2025-09-12 19:25:16] | [Onekey:INFO] | [logger.info:58] - Manifest downloaded successfully: 367522_8410255336209704559.manifest
[2025-09-12 19:25:18] | [Onekey:INFO] | [logger.info:58] - Manifest downloaded successfully: 367523_5829533265112705522.manifest
[2025-09-12 19:25:54] | [Onekey:INFO] | [logger.info:58] - Game unlock configuration successful!
[2025-09-12 19:25:54] | [Onekey:INFO] | [logger.info:58] - Restart Steam to take effect
